{"C:\\Users\\benpt\\Documents\\careerfoundry\\meet\\src\\App.jsx": {"path":"C:\\Users\\benpt\\Documents\\careerfoundry\\meet\\src\\App.jsx","statementMap":{"0":{"start":{"line":10,"column":2},"end":{"line":16,"column":4}}},"fnMap":{"0":{"name":"App","decl":{"start":{"line":7,"column":9},"end":{"line":7,"column":12}},"loc":{"start":{"line":7,"column":15},"end":{"line":17,"column":1}},"line":7}},"branchMap":{},"s":{"0":4},"f":{"0":4},"b":{},"_coverageSchema":"1a1c01bbd47fc00a2c39e90264f33305004495a9","hash":"9e063825c6456a7a51402574d922e9d05f65d248"}
,"C:\\Users\\benpt\\Documents\\careerfoundry\\meet\\src\\api.jsx": {"path":"C:\\Users\\benpt\\Documents\\careerfoundry\\meet\\src\\api.jsx","statementMap":{"0":{"start":{"line":12,"column":32},"end":{"line":16,"column":1}},"1":{"start":{"line":13,"column":29},"end":{"line":13,"column":66}},"2":{"start":{"line":13,"column":51},"end":{"line":13,"column":65}},"3":{"start":{"line":14,"column":20},"end":{"line":14,"column":52}},"4":{"start":{"line":15,"column":2},"end":{"line":15,"column":19}},"5":{"start":{"line":23,"column":25},"end":{"line":25,"column":1}},"6":{"start":{"line":24,"column":2},"end":{"line":24,"column":18}}},"fnMap":{"0":{"name":"(anonymous_0)","decl":{"start":{"line":12,"column":32},"end":{"line":12,"column":33}},"loc":{"start":{"line":12,"column":44},"end":{"line":16,"column":1}},"line":12},"1":{"name":"(anonymous_1)","decl":{"start":{"line":13,"column":40},"end":{"line":13,"column":41}},"loc":{"start":{"line":13,"column":51},"end":{"line":13,"column":65}},"line":13},"2":{"name":"(anonymous_2)","decl":{"start":{"line":23,"column":25},"end":{"line":23,"column":26}},"loc":{"start":{"line":23,"column":37},"end":{"line":25,"column":1}},"line":23}},"branchMap":{},"s":{"0":3,"1":2,"2":94,"3":2,"4":2,"5":3,"6":6},"f":{"0":2,"1":94,"2":6},"b":{},"_coverageSchema":"1a1c01bbd47fc00a2c39e90264f33305004495a9","hash":"d977a86cdabfbd406f67a5d9ccc5df11ef67c935"}
,"C:\\Users\\benpt\\Documents\\careerfoundry\\meet\\src\\mock-data.jsx": {"path":"C:\\Users\\benpt\\Documents\\careerfoundry\\meet\\src\\mock-data.jsx","statementMap":{"0":{"start":{"line":3,"column":17},"end":{"line":2137,"column":1}}},"fnMap":{},"branchMap":{},"s":{"0":3},"f":{},"b":{},"_coverageSchema":"1a1c01bbd47fc00a2c39e90264f33305004495a9","hash":"f8258b6bbd17af72095db433efc0d816ffc96ccd"}
,"C:\\Users\\benpt\\Documents\\careerfoundry\\meet\\src\\components\\CitySearch.jsx": {"path":"C:\\Users\\benpt\\Documents\\careerfoundry\\meet\\src\\components\\CitySearch.jsx","statementMap":{"0":{"start":{"line":4,"column":19},"end":{"line":49,"column":1}},"1":{"start":{"line":5,"column":50},"end":{"line":5,"column":65}},"2":{"start":{"line":6,"column":30},"end":{"line":6,"column":42}},"3":{"start":{"line":7,"column":42},"end":{"line":7,"column":54}},"4":{"start":{"line":9,"column":31},"end":{"line":18,"column":5}},"5":{"start":{"line":10,"column":22},"end":{"line":10,"column":40}},"6":{"start":{"line":11,"column":34},"end":{"line":13,"column":15}},"7":{"start":{"line":12,"column":10},"end":{"line":12,"column":74}},"8":{"start":{"line":16,"column":8},"end":{"line":16,"column":24}},"9":{"start":{"line":17,"column":8},"end":{"line":17,"column":42}},"10":{"start":{"line":20,"column":30},"end":{"line":24,"column":5}},"11":{"start":{"line":21,"column":22},"end":{"line":21,"column":46}},"12":{"start":{"line":22,"column":8},"end":{"line":22,"column":24}},"13":{"start":{"line":23,"column":8},"end":{"line":23,"column":34}},"14":{"start":{"line":26,"column":4},"end":{"line":48,"column":5}},"15":{"start":{"line":32,"column":25},"end":{"line":32,"column":49}},"16":{"start":{"line":39,"column":12},"end":{"line":39,"column":85}}},"fnMap":{"0":{"name":"(anonymous_0)","decl":{"start":{"line":4,"column":19},"end":{"line":4,"column":20}},"loc":{"start":{"line":4,"column":41},"end":{"line":49,"column":1}},"line":4},"1":{"name":"(anonymous_1)","decl":{"start":{"line":9,"column":31},"end":{"line":9,"column":32}},"loc":{"start":{"line":9,"column":42},"end":{"line":18,"column":5}},"line":9},"2":{"name":"(anonymous_2)","decl":{"start":{"line":11,"column":69},"end":{"line":11,"column":70}},"loc":{"start":{"line":11,"column":83},"end":{"line":13,"column":9}},"line":11},"3":{"name":"(anonymous_3)","decl":{"start":{"line":20,"column":30},"end":{"line":20,"column":31}},"loc":{"start":{"line":20,"column":41},"end":{"line":24,"column":5}},"line":20},"4":{"name":"(anonymous_4)","decl":{"start":{"line":32,"column":19},"end":{"line":32,"column":20}},"loc":{"start":{"line":32,"column":25},"end":{"line":32,"column":49}},"line":32},"5":{"name":"(anonymous_5)","decl":{"start":{"line":38,"column":27},"end":{"line":38,"column":28}},"loc":{"start":{"line":38,"column":43},"end":{"line":40,"column":11}},"line":38}},"branchMap":{"0":{"loc":{"start":{"line":11,"column":34},"end":{"line":13,"column":15}},"type":"cond-expr","locations":[{"start":{"line":11,"column":49},"end":{"line":13,"column":10}},{"start":{"line":13,"column":13},"end":{"line":13,"column":15}}],"line":11},"1":{"loc":{"start":{"line":36,"column":9},"end":{"line":45,"column":14}},"type":"cond-expr","locations":[{"start":{"line":37,"column":8},"end":{"line":44,"column":13}},{"start":{"line":45,"column":10},"end":{"line":45,"column":14}}],"line":36}},"s":{"0":2,"1":26,"2":26,"3":26,"4":26,"5":12,"6":12,"7":132,"8":12,"9":12,"10":26,"11":1,"12":1,"13":1,"14":26,"15":3,"16":16},"f":{"0":26,"1":12,"2":132,"3":1,"4":3,"5":16},"b":{"0":[12,0],"1":[15,11]},"_coverageSchema":"1a1c01bbd47fc00a2c39e90264f33305004495a9","hash":"10ad978c7ae4bcfe1cef0e350311b8c6603d76a1"}
,"C:\\Users\\benpt\\Documents\\careerfoundry\\meet\\src\\components\\Event.jsx": {"path":"C:\\Users\\benpt\\Documents\\careerfoundry\\meet\\src\\components\\Event.jsx","statementMap":{"0":{"start":{"line":5,"column":14},"end":{"line":28,"column":1}},"1":{"start":{"line":6,"column":32},"end":{"line":6,"column":47}},"2":{"start":{"line":7,"column":2},"end":{"line":27,"column":4}},"3":{"start":{"line":20,"column":51},"end":{"line":20,"column":68}},"4":{"start":{"line":23,"column":49},"end":{"line":23,"column":65}}},"fnMap":{"0":{"name":"(anonymous_0)","decl":{"start":{"line":5,"column":14},"end":{"line":5,"column":15}},"loc":{"start":{"line":5,"column":29},"end":{"line":28,"column":1}},"line":5},"1":{"name":"(anonymous_1)","decl":{"start":{"line":20,"column":45},"end":{"line":20,"column":46}},"loc":{"start":{"line":20,"column":51},"end":{"line":20,"column":68}},"line":20},"2":{"name":"(anonymous_2)","decl":{"start":{"line":23,"column":43},"end":{"line":23,"column":44}},"loc":{"start":{"line":23,"column":49},"end":{"line":23,"column":65}},"line":23}},"branchMap":{"0":{"loc":{"start":{"line":14,"column":7},"end":{"line":24,"column":7}},"type":"cond-expr","locations":[{"start":{"line":15,"column":8},"end":{"line":21,"column":14}},{"start":{"line":23,"column":8},"end":{"line":23,"column":88}}],"line":14}},"s":{"0":3,"1":54,"2":54,"3":0,"4":1},"f":{"0":54,"1":0,"2":1},"b":{"0":[1,53]},"_coverageSchema":"1a1c01bbd47fc00a2c39e90264f33305004495a9","hash":"e19c69dec933ebb818f2cf8e99565402b22d108c"}
,"C:\\Users\\benpt\\Documents\\careerfoundry\\meet\\src\\components\\EventList.jsx": {"path":"C:\\Users\\benpt\\Documents\\careerfoundry\\meet\\src\\components\\EventList.jsx","statementMap":{"0":{"start":{"line":5,"column":18},"end":{"line":13,"column":1}},"1":{"start":{"line":6,"column":2},"end":{"line":12,"column":4}},"2":{"start":{"line":9,"column":28},"end":{"line":9,"column":66}}},"fnMap":{"0":{"name":"(anonymous_0)","decl":{"start":{"line":5,"column":18},"end":{"line":5,"column":19}},"loc":{"start":{"line":5,"column":34},"end":{"line":13,"column":1}},"line":5},"1":{"name":"(anonymous_1)","decl":{"start":{"line":9,"column":17},"end":{"line":9,"column":18}},"loc":{"start":{"line":9,"column":28},"end":{"line":9,"column":66}},"line":9}},"branchMap":{"0":{"loc":{"start":{"line":8,"column":7},"end":{"line":10,"column":10}},"type":"cond-expr","locations":[{"start":{"line":9,"column":6},"end":{"line":9,"column":67}},{"start":{"line":10,"column":6},"end":{"line":10,"column":10}}],"line":8}},"s":{"0":2,"1":6,"2":47},"f":{"0":6,"1":47},"b":{"0":[1,5]},"_coverageSchema":"1a1c01bbd47fc00a2c39e90264f33305004495a9","hash":"b91cd2f4bf3dec70cf471305b6f371fbe6e3d845"}
,"C:\\Users\\benpt\\Documents\\careerfoundry\\meet\\src\\components\\NumberOfEvents.jsx": {"path":"C:\\Users\\benpt\\Documents\\careerfoundry\\meet\\src\\components\\NumberOfEvents.jsx","statementMap":{"0":{"start":{"line":4,"column":23},"end":{"line":30,"column":1}},"1":{"start":{"line":5,"column":36},"end":{"line":5,"column":48}},"2":{"start":{"line":6,"column":31},"end":{"line":16,"column":5}},"3":{"start":{"line":7,"column":22},"end":{"line":7,"column":40}},"4":{"start":{"line":9,"column":8},"end":{"line":15,"column":9}},"5":{"start":{"line":10,"column":12},"end":{"line":10,"column":49}},"6":{"start":{"line":11,"column":15},"end":{"line":15,"column":9}},"7":{"start":{"line":12,"column":12},"end":{"line":12,"column":63}},"8":{"start":{"line":14,"column":12},"end":{"line":14,"column":31}},"9":{"start":{"line":18,"column":4},"end":{"line":29,"column":5}}},"fnMap":{"0":{"name":"(anonymous_0)","decl":{"start":{"line":4,"column":23},"end":{"line":4,"column":24}},"loc":{"start":{"line":4,"column":29},"end":{"line":30,"column":1}},"line":4},"1":{"name":"(anonymous_1)","decl":{"start":{"line":6,"column":31},"end":{"line":6,"column":32}},"loc":{"start":{"line":6,"column":42},"end":{"line":16,"column":5}},"line":6}},"branchMap":{"0":{"loc":{"start":{"line":9,"column":8},"end":{"line":15,"column":9}},"type":"if","locations":[{"start":{"line":9,"column":8},"end":{"line":15,"column":9}},{"start":{"line":11,"column":15},"end":{"line":15,"column":9}}],"line":9},"1":{"loc":{"start":{"line":11,"column":15},"end":{"line":15,"column":9}},"type":"if","locations":[{"start":{"line":11,"column":15},"end":{"line":15,"column":9}},{"start":{"line":13,"column":15},"end":{"line":15,"column":9}}],"line":11}},"s":{"0":2,"1":8,"2":6,"3":0,"4":0,"5":0,"6":0,"7":0,"8":0,"9":6},"f":{"0":8,"1":0},"b":{"0":[0,0],"1":[0,0]},"_coverageSchema":"1a1c01bbd47fc00a2c39e90264f33305004495a9","hash":"865b48e82a5f007c33488a9b1bdb3b417552150c"}
}
