TN:
SF:src\App.jsx
FN:7,App
FNF:1
FNH:1
FNDA:4,App
DA:10,4
LF:1
LH:1
BRF:0
BRH:0
end_of_record
TN:
SF:src\api.jsx
FN:12,(anonymous_0)
FN:13,(anonymous_1)
FN:23,(anonymous_2)
FNF:3
FNH:3
FNDA:2,(anonymous_0)
FNDA:94,(anonymous_1)
FNDA:6,(anonymous_2)
DA:12,3
DA:13,94
DA:14,2
DA:15,2
DA:23,3
DA:24,6
LF:6
LH:6
BRF:0
BRH:0
end_of_record
TN:
SF:src\mock-data.jsx
FNF:0
FNH:0
DA:3,3
LF:1
LH:1
BRF:0
BRH:0
end_of_record
TN:
SF:src\components\CitySearch.jsx
FN:4,(anonymous_0)
FN:9,(anonymous_1)
FN:11,(anonymous_2)
FN:20,(anonymous_3)
FN:32,(anonymous_4)
FN:38,(anonymous_5)
FNF:6
FNH:6
FNDA:26,(anonymous_0)
FNDA:12,(anonymous_1)
FNDA:132,(anonymous_2)
FNDA:1,(anonymous_3)
FNDA:3,(anonymous_4)
FNDA:16,(anonymous_5)
DA:4,2
DA:5,26
DA:6,26
DA:7,26
DA:9,26
DA:10,12
DA:11,12
DA:12,132
DA:16,12
DA:17,12
DA:20,26
DA:21,1
DA:22,1
DA:23,1
DA:26,26
DA:32,3
DA:39,16
LF:17
LH:17
BRDA:11,0,0,12
BRDA:11,0,1,0
BRDA:36,1,0,15
BRDA:36,1,1,11
BRF:4
BRH:3
end_of_record
TN:
SF:src\components\Event.jsx
FN:5,(anonymous_0)
FN:20,(anonymous_1)
FN:23,(anonymous_2)
FNF:3
FNH:2
FNDA:54,(anonymous_0)
FNDA:0,(anonymous_1)
FNDA:1,(anonymous_2)
DA:5,3
DA:6,54
DA:7,54
DA:20,0
DA:23,1
LF:5
LH:4
BRDA:14,0,0,1
BRDA:14,0,1,53
BRF:2
BRH:2
end_of_record
TN:
SF:src\components\EventList.jsx
FN:5,(anonymous_0)
FN:9,(anonymous_1)
FNF:2
FNH:2
FNDA:6,(anonymous_0)
FNDA:47,(anonymous_1)
DA:5,2
DA:6,6
DA:9,47
LF:3
LH:3
BRDA:8,0,0,1
BRDA:8,0,1,5
BRF:2
BRH:2
end_of_record
TN:
SF:src\components\NumberOfEvents.jsx
FN:4,(anonymous_0)
FN:6,(anonymous_1)
FNF:2
FNH:1
FNDA:8,(anonymous_0)
FNDA:0,(anonymous_1)
DA:4,2
DA:5,8
DA:6,6
DA:7,0
DA:9,0
DA:10,0
DA:11,0
DA:12,0
DA:14,0
DA:18,6
LF:10
LH:4
BRDA:9,0,0,0
BRDA:9,0,1,0
BRDA:11,1,0,0
BRDA:11,1,1,0
BRF:4
BRH:0
end_of_record
