TN:
SF:src\App.jsx
FN:9,App
FN:15,(anonymous_1)
FN:19,(anonymous_2)
FN:24,(anonymous_3)
FNF:4
FNH:4
FNDA:14,App
FNDA:7,(anonymous_1)
FNDA:47,(anonymous_2)
FNDA:7,(anonymous_3)
DA:10,14
DA:11,11
DA:12,11
DA:13,11
DA:15,11
DA:16,7
DA:17,7
DA:19,47
DA:20,7
DA:21,7
DA:24,11
DA:25,7
DA:28,11
LF:13
LH:13
BRDA:17,0,0,6
BRDA:17,0,1,1
BRF:2
BRH:2
end_of_record
TN:
SF:src\api.jsx
FN:12,(anonymous_0)
FN:13,(anonymous_1)
FN:23,(anonymous_2)
FNF:3
FNH:3
FNDA:10,(anonymous_0)
FNDA:470,(anonymous_1)
FNDA:15,(anonymous_2)
DA:12,4
DA:13,470
DA:14,10
DA:15,10
DA:23,4
DA:24,15
LF:6
LH:6
BRF:0
BRH:0
end_of_record
TN:
SF:src\mock-data.jsx
FNF:0
FNH:0
DA:3,4
LF:1
LH:1
BRF:0
BRH:0
end_of_record
TN:
SF:src\components\CitySearch.jsx
FN:4,(anonymous_0)
FN:9,(anonymous_1)
FN:11,(anonymous_2)
FN:20,(anonymous_3)
FN:27,(anonymous_4)
FN:37,(anonymous_5)
FN:43,(anonymous_6)
FNF:7
FNH:7
FNDA:58,(anonymous_0)
FNDA:18,(anonymous_1)
FNDA:198,(anonymous_2)
FNDA:2,(anonymous_3)
FNDA:16,(anonymous_4)
FNDA:5,(anonymous_5)
FNDA:68,(anonymous_6)
DA:4,3
DA:5,58
DA:6,58
DA:7,58
DA:9,58
DA:10,18
DA:11,18
DA:12,198
DA:16,18
DA:17,18
DA:20,58
DA:21,2
DA:22,2
DA:23,2
DA:24,2
DA:27,58
DA:28,16
DA:31,58
DA:37,5
DA:44,68
LF:20
LH:20
BRDA:11,0,0,18
BRDA:11,0,1,0
BRDA:41,1,0,24
BRDA:41,1,1,34
BRF:4
BRH:3
end_of_record
TN:
SF:src\components\Event.jsx
FN:5,(anonymous_0)
FN:20,(anonymous_1)
FN:23,(anonymous_2)
FNF:3
FNH:2
FNDA:200,(anonymous_0)
FNDA:0,(anonymous_1)
FNDA:1,(anonymous_2)
DA:5,4
DA:6,200
DA:7,200
DA:20,0
DA:23,1
LF:5
LH:4
BRDA:14,0,0,1
BRDA:14,0,1,199
BRF:2
BRH:2
end_of_record
TN:
SF:src\components\EventList.jsx
FN:5,(anonymous_0)
FN:9,(anonymous_1)
FNF:2
FNH:2
FNDA:14,(anonymous_0)
FNDA:193,(anonymous_1)
DA:5,3
DA:6,14
DA:9,193
LF:3
LH:3
BRDA:8,0,0,12
BRDA:8,0,1,2
BRF:2
BRH:2
end_of_record
TN:
SF:src\components\NumberOfEvents.jsx
FN:4,(anonymous_0)
FN:6,(anonymous_1)
FNF:2
FNH:1
FNDA:18,(anonymous_0)
FNDA:0,(anonymous_1)
DA:4,4
DA:5,18
DA:6,14
DA:7,0
DA:9,0
DA:10,0
DA:11,0
DA:12,0
DA:14,0
DA:18,14
LF:10
LH:4
BRDA:9,0,0,0
BRDA:9,0,1,0
BRDA:11,1,0,0
BRDA:11,1,1,0
BRF:4
BRH:0
end_of_record
